<?xml version="1.0" encoding="UTF-8"?>
<testsuite name="threesolid.TestWorker" tests="2" skipped="0" failures="0" errors="0" timestamp="2018-10-26T00:16:52" hostname="LAPTOP-NO4TR45A" time="0.012">
  <properties/>
  <testcase name="testWorkMethod()" classname="threesolid.TestWorker" time="0.01"/>
  <testcase name="testSuperWorkerMethod()" classname="threesolid.TestWorker" time="0.001"/>
  <system-out><![CDATA[Working...
SuperWorker is soopa eating...
]]></system-out>
  <system-err><![CDATA[]]></system-err>
</testsuite>
